<?xml version="1.0" encoding="UTF-8"?>
<!-- Generated by org.testng.reporters.JUnitXMLReporter -->
<testsuite hostname="denis-Latitude-6430U" name="Default test" tests="6" failures="0" timestamp="9 Jul 2014 22:54:21 GMT" time="4.12" errors="0">
  <testcase name="addProductI18N" time="0.106" classname="com.dm.estore.core.repository.ProductRepositoryTest"/>
  <testcase name="addProducts" time="0.054" classname="com.dm.estore.core.repository.ProductRepositoryTest"/>
  <testcase name="getLocalizedName" time="0.03" classname="com.dm.estore.core.repository.ProductRepositoryTest"/>
  <testcase name="getProductI18N" time="0.006" classname="com.dm.estore.core.repository.ProductRepositoryTest"/>
  <testcase name="productNameCascadeDelete" time="0.02" classname="com.dm.estore.core.repository.ProductRepositoryTest"/>
  <testcase name="searchBySku" time="0.012" classname="com.dm.estore.core.repository.ProductRepositoryTest"/>
</testsuite> <!-- Default test -->
