<?xml version="1.0" encoding="UTF-8"?>
<testng-results skipped="0" failed="0" total="6" passed="6">
  <reporter-output>
  </reporter-output>
  <suite name="Default suite" duration-ms="4120" started-at="2014-07-09T22:54:17Z" finished-at="2014-07-09T22:54:21Z">
    <groups>
    </groups>
    <test name="Default test" duration-ms="4120" started-at="2014-07-09T22:54:17Z" finished-at="2014-07-09T22:54:21Z">
      <class name="com.dm.estore.core.repository.ProductRepositoryTest">
        <test-method status="PASS" signature="springTestContextBeforeTestClass()[pri:0, instance:com.dm.estore.core.repository.ProductRepositoryTest@72d47b5a]" name="springTestContextBeforeTestClass" is-config="true" duration-ms="9" started-at="2014-07-09T15:54:17Z" finished-at="2014-07-09T15:54:17Z">
          <reporter-output>
          </reporter-output>
        </test-method> <!-- springTestContextBeforeTestClass -->
        <test-method status="PASS" signature="springTestContextPrepareTestInstance()[pri:0, instance:com.dm.estore.core.repository.ProductRepositoryTest@72d47b5a]" name="springTestContextPrepareTestInstance" is-config="true" duration-ms="3842" started-at="2014-07-09T15:54:17Z" depends-on-methods="org.springframework.test.context.testng.AbstractTestNGSpringContextTests.springTestContextBeforeTestClass" finished-at="2014-07-09T15:54:21Z">
          <reporter-output>
          </reporter-output>
        </test-method> <!-- springTestContextPrepareTestInstance -->
        <test-method status="PASS" signature="springTestContextBeforeTestMethod(java.lang.reflect.Method)[pri:0, instance:com.dm.estore.core.repository.ProductRepositoryTest@72d47b5a]" name="springTestContextBeforeTestMethod" is-config="true" duration-ms="8" started-at="2014-07-09T15:54:21Z" finished-at="2014-07-09T15:54:21Z">
          <params>
            <param index="0">
              <value>
                <![CDATA[public void com.dm.estore.core.repository.ProductRepositoryTest.addProductI18N()]]>
              </value>
            </param>
          </params>
          <reporter-output>
          </reporter-output>
        </test-method> <!-- springTestContextBeforeTestMethod -->
        <test-method status="PASS" signature="addProductI18N()[pri:0, instance:com.dm.estore.core.repository.ProductRepositoryTest@72d47b5a]" name="addProductI18N" duration-ms="106" started-at="2014-07-09T15:54:21Z" finished-at="2014-07-09T15:54:21Z">
          <reporter-output>
          </reporter-output>
        </test-method> <!-- addProductI18N -->
        <test-method status="PASS" signature="springTestContextAfterTestMethod(java.lang.reflect.Method)[pri:0, instance:com.dm.estore.core.repository.ProductRepositoryTest@72d47b5a]" name="springTestContextAfterTestMethod" is-config="true" duration-ms="5" started-at="2014-07-09T15:54:21Z" finished-at="2014-07-09T15:54:21Z">
          <params>
            <param index="0">
              <value>
                <![CDATA[public void com.dm.estore.core.repository.ProductRepositoryTest.addProductI18N()]]>
              </value>
            </param>
          </params>
          <reporter-output>
          </reporter-output>
        </test-method> <!-- springTestContextAfterTestMethod -->
        <test-method status="PASS" signature="springTestContextBeforeTestMethod(java.lang.reflect.Method)[pri:0, instance:com.dm.estore.core.repository.ProductRepositoryTest@72d47b5a]" name="springTestContextBeforeTestMethod" is-config="true" duration-ms="1" started-at="2014-07-09T15:54:21Z" finished-at="2014-07-09T15:54:21Z">
          <params>
            <param index="0">
              <value>
                <![CDATA[public void com.dm.estore.core.repository.ProductRepositoryTest.addProducts()]]>
              </value>
            </param>
          </params>
          <reporter-output>
          </reporter-output>
        </test-method> <!-- springTestContextBeforeTestMethod -->
        <test-method status="PASS" signature="addProducts()[pri:0, instance:com.dm.estore.core.repository.ProductRepositoryTest@72d47b5a]" name="addProducts" duration-ms="54" started-at="2014-07-09T15:54:21Z" finished-at="2014-07-09T15:54:21Z">
          <reporter-output>
          </reporter-output>
        </test-method> <!-- addProducts -->
        <test-method status="PASS" signature="springTestContextAfterTestMethod(java.lang.reflect.Method)[pri:0, instance:com.dm.estore.core.repository.ProductRepositoryTest@72d47b5a]" name="springTestContextAfterTestMethod" is-config="true" duration-ms="1" started-at="2014-07-09T15:54:21Z" finished-at="2014-07-09T15:54:21Z">
          <params>
            <param index="0">
              <value>
                <![CDATA[public void com.dm.estore.core.repository.ProductRepositoryTest.addProducts()]]>
              </value>
            </param>
          </params>
          <reporter-output>
          </reporter-output>
        </test-method> <!-- springTestContextAfterTestMethod -->
        <test-method status="PASS" signature="springTestContextBeforeTestMethod(java.lang.reflect.Method)[pri:0, instance:com.dm.estore.core.repository.ProductRepositoryTest@72d47b5a]" name="springTestContextBeforeTestMethod" is-config="true" duration-ms="2" started-at="2014-07-09T15:54:21Z" finished-at="2014-07-09T15:54:21Z">
          <params>
            <param index="0">
              <value>
                <![CDATA[public void com.dm.estore.core.repository.ProductRepositoryTest.getLocalizedName()]]>
              </value>
            </param>
          </params>
          <reporter-output>
          </reporter-output>
        </test-method> <!-- springTestContextBeforeTestMethod -->
        <test-method status="PASS" signature="getLocalizedName()[pri:0, instance:com.dm.estore.core.repository.ProductRepositoryTest@72d47b5a]" name="getLocalizedName" duration-ms="30" started-at="2014-07-09T15:54:21Z" finished-at="2014-07-09T15:54:21Z">
          <reporter-output>
          </reporter-output>
        </test-method> <!-- getLocalizedName -->
        <test-method status="PASS" signature="springTestContextAfterTestMethod(java.lang.reflect.Method)[pri:0, instance:com.dm.estore.core.repository.ProductRepositoryTest@72d47b5a]" name="springTestContextAfterTestMethod" is-config="true" duration-ms="1" started-at="2014-07-09T15:54:21Z" finished-at="2014-07-09T15:54:21Z">
          <params>
            <param index="0">
              <value>
                <![CDATA[public void com.dm.estore.core.repository.ProductRepositoryTest.getLocalizedName()]]>
              </value>
            </param>
          </params>
          <reporter-output>
          </reporter-output>
        </test-method> <!-- springTestContextAfterTestMethod -->
        <test-method status="PASS" signature="springTestContextBeforeTestMethod(java.lang.reflect.Method)[pri:0, instance:com.dm.estore.core.repository.ProductRepositoryTest@72d47b5a]" name="springTestContextBeforeTestMethod" is-config="true" duration-ms="1" started-at="2014-07-09T15:54:21Z" finished-at="2014-07-09T15:54:21Z">
          <params>
            <param index="0">
              <value>
                <![CDATA[public void com.dm.estore.core.repository.ProductRepositoryTest.getProductI18N()]]>
              </value>
            </param>
          </params>
          <reporter-output>
          </reporter-output>
        </test-method> <!-- springTestContextBeforeTestMethod -->
        <test-method status="PASS" signature="getProductI18N()[pri:0, instance:com.dm.estore.core.repository.ProductRepositoryTest@72d47b5a]" name="getProductI18N" duration-ms="6" started-at="2014-07-09T15:54:21Z" finished-at="2014-07-09T15:54:21Z">
          <reporter-output>
          </reporter-output>
        </test-method> <!-- getProductI18N -->
        <test-method status="PASS" signature="springTestContextAfterTestMethod(java.lang.reflect.Method)[pri:0, instance:com.dm.estore.core.repository.ProductRepositoryTest@72d47b5a]" name="springTestContextAfterTestMethod" is-config="true" duration-ms="2" started-at="2014-07-09T15:54:21Z" finished-at="2014-07-09T15:54:21Z">
          <params>
            <param index="0">
              <value>
                <![CDATA[public void com.dm.estore.core.repository.ProductRepositoryTest.getProductI18N()]]>
              </value>
            </param>
          </params>
          <reporter-output>
          </reporter-output>
        </test-method> <!-- springTestContextAfterTestMethod -->
        <test-method status="PASS" signature="springTestContextBeforeTestMethod(java.lang.reflect.Method)[pri:0, instance:com.dm.estore.core.repository.ProductRepositoryTest@72d47b5a]" name="springTestContextBeforeTestMethod" is-config="true" duration-ms="2" started-at="2014-07-09T15:54:21Z" finished-at="2014-07-09T15:54:21Z">
          <params>
            <param index="0">
              <value>
                <![CDATA[public void com.dm.estore.core.repository.ProductRepositoryTest.productNameCascadeDelete()]]>
              </value>
            </param>
          </params>
          <reporter-output>
          </reporter-output>
        </test-method> <!-- springTestContextBeforeTestMethod -->
        <test-method status="PASS" signature="productNameCascadeDelete()[pri:0, instance:com.dm.estore.core.repository.ProductRepositoryTest@72d47b5a]" name="productNameCascadeDelete" duration-ms="20" started-at="2014-07-09T15:54:21Z" finished-at="2014-07-09T15:54:21Z">
          <reporter-output>
          </reporter-output>
        </test-method> <!-- productNameCascadeDelete -->
        <test-method status="PASS" signature="springTestContextAfterTestMethod(java.lang.reflect.Method)[pri:0, instance:com.dm.estore.core.repository.ProductRepositoryTest@72d47b5a]" name="springTestContextAfterTestMethod" is-config="true" duration-ms="1" started-at="2014-07-09T15:54:21Z" finished-at="2014-07-09T15:54:21Z">
          <params>
            <param index="0">
              <value>
                <![CDATA[public void com.dm.estore.core.repository.ProductRepositoryTest.productNameCascadeDelete()]]>
              </value>
            </param>
          </params>
          <reporter-output>
          </reporter-output>
        </test-method> <!-- springTestContextAfterTestMethod -->
        <test-method status="PASS" signature="springTestContextBeforeTestMethod(java.lang.reflect.Method)[pri:0, instance:com.dm.estore.core.repository.ProductRepositoryTest@72d47b5a]" name="springTestContextBeforeTestMethod" is-config="true" duration-ms="1" started-at="2014-07-09T15:54:21Z" finished-at="2014-07-09T15:54:21Z">
          <params>
            <param index="0">
              <value>
                <![CDATA[public void com.dm.estore.core.repository.ProductRepositoryTest.searchBySku()]]>
              </value>
            </param>
          </params>
          <reporter-output>
          </reporter-output>
        </test-method> <!-- springTestContextBeforeTestMethod -->
        <test-method status="PASS" signature="searchBySku()[pri:0, instance:com.dm.estore.core.repository.ProductRepositoryTest@72d47b5a]" name="searchBySku" duration-ms="12" started-at="2014-07-09T15:54:21Z" finished-at="2014-07-09T15:54:21Z">
          <reporter-output>
          </reporter-output>
        </test-method> <!-- searchBySku -->
        <test-method status="PASS" signature="springTestContextAfterTestMethod(java.lang.reflect.Method)[pri:0, instance:com.dm.estore.core.repository.ProductRepositoryTest@72d47b5a]" name="springTestContextAfterTestMethod" is-config="true" duration-ms="1" started-at="2014-07-09T15:54:21Z" finished-at="2014-07-09T15:54:21Z">
          <params>
            <param index="0">
              <value>
                <![CDATA[public void com.dm.estore.core.repository.ProductRepositoryTest.searchBySku()]]>
              </value>
            </param>
          </params>
          <reporter-output>
          </reporter-output>
        </test-method> <!-- springTestContextAfterTestMethod -->
        <test-method status="PASS" signature="springTestContextAfterTestClass()[pri:0, instance:com.dm.estore.core.repository.ProductRepositoryTest@72d47b5a]" name="springTestContextAfterTestClass" is-config="true" duration-ms="0" started-at="2014-07-09T15:54:21Z" finished-at="2014-07-09T15:54:21Z">
          <reporter-output>
          </reporter-output>
        </test-method> <!-- springTestContextAfterTestClass -->
      </class> <!-- com.dm.estore.core.repository.ProductRepositoryTest -->
    </test> <!-- Default test -->
  </suite> <!-- Default suite -->
</testng-results>
